Flow report for Contadores
Tue Nov 22 15:41:46 2016
Quartus Prime Version 16.1.0 Build 196 10/24/2016 SJ Lite Edition


---------------------
; Table of Contents ;
---------------------
  1. Legal Notice
  2. Flow Summary
  3. Flow Settings
  4. Flow Non-Default Global Settings
  5. Flow Elapsed Time
  6. Flow OS Summary
  7. Flow Log
  8. Flow Messages
  9. Flow Suppressed Messages



----------------
; Legal Notice ;
----------------
Copyright (C) 2016  Intel Corporation. All rights reserved.
Your use of Intel Corporation's design tools, logic functions 
and other software and tools, and its AMPP partner logic 
functions, and any output files from any of the foregoing 
(including device programming or simulation files), and any 
associated documentation or information are expressly subject 
to the terms and conditions of the Intel Program License 
Subscription Agreement, the Intel Quartus Prime License Agreement,
the Intel MegaCore Function License Agreement, or other 
applicable license agreement, including, without limitation, 
that your use is for the sole purpose of programming logic 
devices manufactured by Intel and sold by Intel or its 
authorized distributors.  Please refer to the applicable 
agreement for further details.



+----------------------------------------------------------------------------------+
; Flow Summary                                                                     ;
+------------------------------------+---------------------------------------------+
; Flow Status                        ; Successful - Tue Nov 22 15:41:46 2016       ;
; Quartus Prime Version              ; 16.1.0 Build 196 10/24/2016 SJ Lite Edition ;
; Revision Name                      ; Contadores                                  ;
; Top-level Entity Name              ; count_2                                     ;
; Family                             ; Cyclone IV E                                ;
; Device                             ; EP4CE6E22A7                                 ;
; Timing Models                      ; Final                                       ;
; Total logic elements               ; 10 / 6,272 ( < 1 % )                        ;
;     Total combinational functions  ; 10 / 6,272 ( < 1 % )                        ;
;     Dedicated logic registers      ; 5 / 6,272 ( < 1 % )                         ;
; Total registers                    ; 5                                           ;
; Total pins                         ; 6 / 92 ( 7 % )                              ;
; Total virtual pins                 ; 0                                           ;
; Total memory bits                  ; 0 / 276,480 ( 0 % )                         ;
; Embedded Multiplier 9-bit elements ; 0 / 30 ( 0 % )                              ;
; Total PLLs                         ; 0 / 2 ( 0 % )                               ;
+------------------------------------+---------------------------------------------+


+-----------------------------------------+
; Flow Settings                           ;
+-------------------+---------------------+
; Option            ; Setting             ;
+-------------------+---------------------+
; Start date & time ; 11/22/2016 15:37:09 ;
; Main task         ; Compilation         ;
; Revision Name     ; Contadores          ;
+-------------------+---------------------+


+-----------------------------------------------------------------------------------------------------------------------------+
; Flow Non-Default Global Settings                                                                                            ;
+-------------------------------------+----------------------------------------+---------------+-------------+----------------+
; Assignment Name                     ; Value                                  ; Default Value ; Entity Name ; Section Id     ;
+-------------------------------------+----------------------------------------+---------------+-------------+----------------+
; COMPILER_SIGNATURE_ID               ; 24341852269841.147983982908576         ; --            ; --          ; --             ;
; EDA_OUTPUT_DATA_FORMAT              ; Systemverilog Hdl                      ; --            ; --          ; eda_simulation ;
; EDA_SIMULATION_TOOL                 ; ModelSim-Altera (SystemVerilog)        ; <None>        ; --          ; --             ;
; MAX_CORE_JUNCTION_TEMP              ; 125                                    ; --            ; --          ; --             ;
; MIN_CORE_JUNCTION_TEMP              ; -40                                    ; --            ; --          ; --             ;
; NOMINAL_CORE_SUPPLY_VOLTAGE         ; 1.2V                                   ; --            ; --          ; --             ;
; PARTITION_COLOR                     ; -- (Not supported for targeted family) ; --            ; count_2     ; Top            ;
; PARTITION_FITTER_PRESERVATION_LEVEL ; -- (Not supported for targeted family) ; --            ; count_2     ; Top            ;
; PARTITION_NETLIST_TYPE              ; -- (Not supported for targeted family) ; --            ; count_2     ; Top            ;
; POWER_BOARD_THERMAL_MODEL           ; None (CONSERVATIVE)                    ; --            ; --          ; --             ;
; POWER_PRESET_COOLING_SOLUTION       ; 23 MM HEAT SINK WITH 200 LFPM AIRFLOW  ; --            ; --          ; --             ;
; PROJECT_OUTPUT_DIRECTORY            ; output_files                           ; --            ; --          ; --             ;
; TOP_LEVEL_ENTITY                    ; count_2                                ; Contadores    ; --          ; --             ;
+-------------------------------------+----------------------------------------+---------------+-------------+----------------+


+-------------------------------------------------------------------------------------------------------------------------------+
; Flow Elapsed Time                                                                                                             ;
+---------------------------+--------------+-------------------------+---------------------+------------------------------------+
; Module Name               ; Elapsed Time ; Average Processors Used ; Peak Virtual Memory ; Total CPU Time (on all processors) ;
+---------------------------+--------------+-------------------------+---------------------+------------------------------------+
; Analysis & Synthesis      ; 00:00:16     ; 1.0                     ; 619 MB              ; 00:00:38                           ;
; Fitter                    ; 00:00:05     ; 1.0                     ; 1107 MB             ; 00:00:06                           ;
; Assembler                 ; 00:00:01     ; 1.0                     ; 555 MB              ; 00:00:01                           ;
; TimeQuest Timing Analyzer ; 00:00:02     ; 1.0                     ; 611 MB              ; 00:00:02                           ;
; EDA Netlist Writer        ; 00:00:01     ; 1.0                     ; 524 MB              ; 00:00:01                           ;
; EDA Netlist Writer        ; 00:00:00     ; 1.0                     ; 510 MB              ; 00:00:01                           ;
; EDA Netlist Writer        ; 00:00:01     ; 1.0                     ; 510 MB              ; 00:00:01                           ;
; EDA Netlist Writer        ; 00:00:00     ; 1.0                     ; 510 MB              ; 00:00:01                           ;
; EDA Netlist Writer        ; 00:00:01     ; 1.0                     ; 510 MB              ; 00:00:01                           ;
; EDA Netlist Writer        ; 00:00:01     ; 1.0                     ; 526 MB              ; 00:00:01                           ;
; Total                     ; 00:00:28     ; --                      ; --                  ; 00:00:53                           ;
+---------------------------+--------------+-------------------------+---------------------+------------------------------------+


+-----------------------------------------------------------------------------------------+
; Flow OS Summary                                                                         ;
+---------------------------+------------------+------------+------------+----------------+
; Module Name               ; Machine Hostname ; OS Name    ; OS Version ; Processor type ;
+---------------------------+------------------+------------+------------+----------------+
; Analysis & Synthesis      ; DESKTOP-U7PF1SK  ; Windows 10 ; 10.0       ; x86_64         ;
; Fitter                    ; DESKTOP-U7PF1SK  ; Windows 10 ; 10.0       ; x86_64         ;
; Assembler                 ; DESKTOP-U7PF1SK  ; Windows 10 ; 10.0       ; x86_64         ;
; TimeQuest Timing Analyzer ; DESKTOP-U7PF1SK  ; Windows 10 ; 10.0       ; x86_64         ;
; EDA Netlist Writer        ; DESKTOP-U7PF1SK  ; Windows 10 ; 10.0       ; x86_64         ;
; EDA Netlist Writer        ; DESKTOP-U7PF1SK  ; Windows 10 ; 10.0       ; x86_64         ;
; EDA Netlist Writer        ; DESKTOP-U7PF1SK  ; Windows 10 ; 10.0       ; x86_64         ;
; EDA Netlist Writer        ; DESKTOP-U7PF1SK  ; Windows 10 ; 10.0       ; x86_64         ;
; EDA Netlist Writer        ; DESKTOP-U7PF1SK  ; Windows 10 ; 10.0       ; x86_64         ;
; EDA Netlist Writer        ; DESKTOP-U7PF1SK  ; Windows 10 ; 10.0       ; x86_64         ;
+---------------------------+------------------+------------+------------+----------------+


------------
; Flow Log ;
------------
quartus_map --read_settings_files=on --write_settings_files=off Contadores -c Contadores
quartus_fit --read_settings_files=off --write_settings_files=off Contadores -c Contadores
quartus_asm --read_settings_files=off --write_settings_files=off Contadores -c Contadores
quartus_sta Contadores -c Contadores
quartus_eda --read_settings_files=off --write_settings_files=off Contadores -c Contadores
quartus_eda --gen_testbench --tool=modelsim_oem --format=verilog --write_settings_files=off Contadores -c Contadores --vector_source=D:/OneDrive/Documentos/GitHub/Marlon_Ex01_MB_SV/tb_count_2.vwf --testbench_file=D:/OneDrive/Documentos/GitHub/Marlon_Ex01_MB_SV/simulation/qsim/tb_count_2.vt
quartus_eda --gen_testbench --tool=modelsim_oem --format=verilog --write_settings_files=off Contadores -c Contadores --vector_source=D:/OneDrive/Documentos/GitHub/Marlon_Ex01_MB_SV/Waveform.vwf --testbench_file=D:/OneDrive/Documentos/GitHub/Marlon_Ex01_MB_SV/simulation/qsim/Waveform.vwf.vt
quartus_eda --gen_testbench --tool=modelsim_oem --format=verilog --write_settings_files=off Contadores -c Contadores --vector_source=D:/OneDrive/Documentos/GitHub/Marlon_Ex01_MB_SV/Waveform.vwf --testbench_file=D:/OneDrive/Documentos/GitHub/Marlon_Ex01_MB_SV/simulation/qsim/Waveform.vwf.vt
quartus_eda --gen_testbench --tool=modelsim_oem --format=verilog --write_settings_files=off Contadores -c Contadores --vector_source=D:/OneDrive/Documentos/GitHub/Marlon_Ex01_MB_SV/tb_count_2.vwf --testbench_file=D:/OneDrive/Documentos/GitHub/Marlon_Ex01_MB_SV/simulation/qsim/tb_count_2.vwf.vt
quartus_eda --write_settings_files=off --simulation=on --functional=off --flatten_buses=off --timescale=1ps --tool=modelsim_oem --format=verilog --output_directory=D:/OneDrive/Documentos/GitHub/Marlon_Ex01_MB_SV/simulation/qsim/ Contadores -c Contadores



